[0821/083754.782:ERROR:process_reader_win.cc(123)] NtOpenThread: {Access Denied} A process has requested access to an object, but has not been granted those access rights. (0xc0000022)
[0821/083754.784:ERROR:exception_snapshot_win.cc(88)] thread ID 28700 not found in process
[0821/120740.003:ERROR:file_io_win.cc(161)] CreateFile C:\Users\franc\AppData\Local\Temp\scoped_dir22116_30400\Crashpad\settings.dat: The system cannot find the path specified. (0x3)
[0821/120740.004:ERROR:file_io_win.cc(170)] CreateFile C:\Users\franc\AppData\Local\Temp\scoped_dir22116_30400\Crashpad\reports\4e7e406a-e640-4c26-bb9a-00de862fce7b.dmp: The system cannot find the path specified. (0x3)
[0821/120740.004:ERROR:crash_report_exception_handler.cc(97)] PrepareNewCrashReport failed
[0822/184516.948:ERROR:process_reader_win.cc(123)] NtOpenThread: {Access Denied} A process has requested access to an object, but has not been granted those access rights. (0xc0000022)
[0822/184516.948:ERROR:exception_snapshot_win.cc(88)] thread ID 25208 not found in process
[0823/075553.905:ERROR:file_io_win.cc(161)] CreateFile C:\Users\franc\AppData\Local\Temp\scoped_dir12668_21590\Crashpad\settings.dat: The system cannot find the path specified. (0x3)
[0823/075553.905:ERROR:file_io_win.cc(170)] CreateFile C:\Users\franc\AppData\Local\Temp\scoped_dir12668_21590\Crashpad\reports\6536a32b-8e9b-409f-9baf-e77aa87cceb6.dmp: The system cannot find the path specified. (0x3)
[0823/075553.905:ERROR:crash_report_exception_handler.cc(97)] PrepareNewCrashReport failed
[0823/075805.660:ERROR:file_io_win.cc(161)] CreateFile C:\Users\franc\AppData\Local\Temp\scoped_dir7900_4718\Crashpad\settings.dat: The system cannot find the path specified. (0x3)
[0823/075805.661:ERROR:file_io_win.cc(170)] CreateFile C:\Users\franc\AppData\Local\Temp\scoped_dir7900_4718\Crashpad\reports\551eebfb-0e85-401b-af42-4371e09b5b9a.dmp: The system cannot find the path specified. (0x3)
[0823/075805.662:ERROR:crash_report_exception_handler.cc(97)] PrepareNewCrashReport failed
[0823/132010.129:ERROR:file_io_win.cc(161)] CreateFile C:\Users\franc\AppData\Local\Temp\scoped_dir16052_32325\Crashpad\settings.dat: The system cannot find the path specified. (0x3)
[0823/132010.130:ERROR:file_io_win.cc(170)] CreateFile C:\Users\franc\AppData\Local\Temp\scoped_dir16052_32325\Crashpad\reports\b440191c-2f29-4d97-947a-75a49128e934.dmp: The system cannot find the path specified. (0x3)
[0823/132010.130:ERROR:crash_report_exception_handler.cc(97)] PrepareNewCrashReport failed
[0823/152917.917:ERROR:file_io_win.cc(161)] CreateFile C:\Users\franc\AppData\Local\Temp\scoped_dir16580_16931\Crashpad\settings.dat: The system cannot find the path specified. (0x3)
[0823/152917.918:ERROR:file_io_win.cc(170)] CreateFile C:\Users\franc\AppData\Local\Temp\scoped_dir16580_16931\Crashpad\reports\1073517c-11a5-4120-aedd-3b049bb7be85.dmp: The system cannot find the path specified. (0x3)
[0823/152917.918:ERROR:crash_report_exception_handler.cc(97)] PrepareNewCrashReport failed
[0823/152941.436:ERROR:file_io_win.cc(161)] CreateFile C:\Users\franc\AppData\Local\Temp\scoped_dir15536_20459\Crashpad\settings.dat: The system cannot find the path specified. (0x3)
[0823/152941.437:ERROR:file_io_win.cc(170)] CreateFile C:\Users\franc\AppData\Local\Temp\scoped_dir15536_20459\Crashpad\reports\ee9733fe-3d38-44ac-8074-e128b411ea3d.dmp: The system cannot find the path specified. (0x3)
[0823/152941.437:ERROR:crash_report_exception_handler.cc(97)] PrepareNewCrashReport failed
